TN:verilator_coverage
SF:ring_counter.v
DA:3,14
BRDA:3,0,0,14
BRDA:3,0,1,14
DA:4,1
BRDA:4,0,0,1
BRDA:4,0,1,1
DA:5,4
BRDA:5,0,0,4
BRDA:5,0,1,3
BRDA:5,0,2,3
BRDA:5,0,3,3
BRDA:5,0,4,3
BRDA:5,0,5,3
BRDA:5,0,6,3
BRDA:5,0,7,3
DA:8,15
DA:9,12
BRDA:9,0,0,3
BRDA:9,0,1,12
DA:10,3
DA:12,12
BRF:14
BRH:3
end_of_record
SF:ring_counter_tb.v
DA:5,14
BRDA:5,0,0,14
BRDA:5,0,1,14
DA:6,1
BRDA:6,0,0,1
BRDA:6,0,1,1
DA:8,4
BRDA:8,0,0,4
BRDA:8,0,1,3
BRDA:8,0,2,3
BRDA:8,0,3,3
BRDA:8,0,4,3
BRDA:8,0,5,3
BRDA:8,0,6,3
BRDA:8,0,7,3
DA:18,28
BRDA:18,0,0,28
BRDA:18,0,1,14
BRDA:18,0,2,14
DA:20,1
DA:21,1
DA:22,1
DA:24,1
DA:25,1
DA:27,1
DA:29,1
DA:30,1
DA:32,1
DA:33,1
DA:37,14
DA:38,14
BRF:15
BRH:5
end_of_record
