TN:verilator_coverage
SF:fsm.v
DA:3,16
BRDA:3,0,0,16
BRDA:3,0,1,16
DA:4,1
BRDA:4,0,0,1
BRDA:4,0,1,1
DA:5,4
BRDA:5,0,0,4
BRDA:5,0,1,4
DA:7,2
BRDA:7,0,0,2
BRDA:7,0,1,2
DA:8,1
BRDA:8,0,0,1
BRDA:8,0,1,1
DA:9,2
BRDA:9,0,0,2
BRDA:9,0,1,1
DA:19,2
BRDA:19,0,0,2
BRDA:19,0,1,1
BRDA:19,0,2,1
BRDA:19,0,3,1
DA:20,5
BRDA:20,0,0,5
BRDA:20,0,1,4
BRDA:20,0,2,4
BRDA:20,0,3,4
DA:25,17
DA:26,17
DA:27,15
BRDA:27,0,0,15
BRDA:27,0,1,2
DA:28,2
DA:30,15
DA:36,86
DA:37,86
DA:38,86
DA:40,35
DA:41,35
DA:42,26
BRDA:42,0,0,9
BRDA:42,0,1,26
DA:43,9
DA:45,26
DA:48,35
DA:49,35
DA:50,26
BRDA:50,0,0,9
BRDA:50,0,1,26
DA:51,9
DA:53,26
DA:56,16
DA:57,16
DA:58,10
BRDA:58,0,0,6
BRDA:58,0,1,10
DA:59,6
DA:61,10
DA:64,0
DA:65,0
DA:73,18
DA:74,18
DA:76,18
DA:77,18
DA:78,18
DA:80,18
DA:82,8
DA:83,8
DA:85,7
DA:86,7
DA:88,3
DA:89,3
DA:91,0
DA:92,0
BRF:28
BRH:6
end_of_record
SF:fsm_tb.v
DA:8,16
BRDA:8,0,0,16
BRDA:8,0,1,16
DA:9,1
BRDA:9,0,0,1
BRDA:9,0,1,1
DA:10,4
BRDA:10,0,0,4
BRDA:10,0,1,4
DA:12,2
BRDA:12,0,0,2
BRDA:12,0,1,2
DA:13,1
BRDA:13,0,0,1
BRDA:13,0,1,1
DA:14,2
BRDA:14,0,0,2
BRDA:14,0,1,1
DA:31,0
DA:32,0
DA:33,32
BRDA:33,0,0,16
BRDA:33,0,1,16
BRDA:33,0,2,32
DA:39,1
DA:42,1
DA:43,1
DA:46,1
DA:47,1
DA:52,1
DA:53,1
DA:54,1
DA:55,1
DA:60,1
DA:61,1
DA:62,1
DA:63,1
DA:68,1
DA:69,1
DA:70,1
DA:71,1
DA:76,1
DA:77,1
DA:78,1
DA:79,1
DA:81,1
DA:83,1
DA:90,1
DA:91,1
DA:92,1
DA:93,1
DA:94,1
DA:95,1
DA:96,1
DA:97,1
DA:98,1
DA:104,1
DA:105,1
DA:106,1
BRF:15
BRH:5
end_of_record
